Using pre-set license

 COMMAND LINE ARGUMENTS:
/Applications/Unity/Hub/Editor/2021.1.7f1/Unity.app/Contents/MacOS/Unity
-adb2
-batchMode
-noUpm
-name
AssetImportWorker0
-projectPath
/Users/glebsobolevsky/Documents/UnityDev/DreamGame
-logFile
Logs/AssetImportWorker0.log
-srvPort
63923
Successfully changed project path to: /Users/glebsobolevsky/Documents/UnityDev/DreamGame
/Users/glebsobolevsky/Documents/UnityDev/DreamGame
Using Asset Import Pipeline V2.
Refreshing native plugins compatible for Editor in 60.68 ms, found 2 plugins.
Preloading 0 native plugins for Editor in 0.00 ms.
Initialize engine version: 2021.1.7f1 (d91830b65d9b)
[Subsystems] Discovering subsystems at path /Applications/Unity/Hub/Editor/2021.1.7f1/Unity.app/Contents/Resources/UnitySubsystems
[Subsystems] Discovering subsystems at path /Users/glebsobolevsky/Documents/UnityDev/DreamGame/Assets
GfxDevice: creating device client; threaded=0; jobified=0
2021-05-20 00:40:06.371 Unity[96031:6551333] Color LCD preferred device: Intel(R) Iris(TM) Plus Graphics 655 (low power)
2021-05-20 00:40:06.371 Unity[96031:6551333] Metal devices available: 1
2021-05-20 00:40:06.371 Unity[96031:6551333] 0: Intel(R) Iris(TM) Plus Graphics 655 (low power)
2021-05-20 00:40:06.371 Unity[96031:6551333] Using device Intel(R) Iris(TM) Plus Graphics 655 (low power)
Initializing Metal device caps: Intel(R) Iris(TM) Plus Graphics 655
Shader 'Universal Render Pipeline/Particles/Lit': fallback shader 'Universal Render Pipeline/Particles/SimpleLit' not found
Initialize mono
Mono path[0] = '/Applications/Unity/Hub/Editor/2021.1.7f1/Unity.app/Contents/Managed'
Mono path[1] = '/Applications/Unity/Hub/Editor/2021.1.7f1/Unity.app/Contents/MonoBleedingEdge/lib/mono/unityjit'
Mono config path = '/Applications/Unity/Hub/Editor/2021.1.7f1/Unity.app/Contents/MonoBleedingEdge/etc'
Using monoOptions --debugger-agent=transport=dt_socket,embedding=1,server=y,suspend=n,address=127.0.0.1:56031
Begin MonoManager ReloadAssembly
Registering precompiled unity dll's ...
Register platform support module: /Applications/Unity/Hub/Editor/2021.1.7f1/Unity.app/Contents/PlaybackEngines/MacStandaloneSupport/UnityEditor.OSXStandalone.Extensions.dll
Register platform support module: /Applications/Unity/Hub/Editor/2021.1.7f1/PlaybackEngines/WindowsStandaloneSupport/UnityEditor.WindowsStandalone.Extensions.dll
Registered in 0.000699 seconds.
Native extension for WindowsStandalone target not found
Native extension for OSXStandalone target not found
Refreshing native plugins compatible for Editor in 62.09 ms, found 2 plugins.
Preloading 0 native plugins for Editor in 0.00 ms.
Mono: successfully reloaded assembly
- Completed reload, in  3.217 seconds
Platform modules already initialized, skipping
Registering precompiled user dll's ...
Registered in 0.000849 seconds.
Begin MonoManager ReloadAssembly
Native extension for WindowsStandalone target not found
Native extension for OSXStandalone target not found
Refreshing native plugins compatible for Editor in 63.33 ms, found 2 plugins.
Preloading 0 native plugins for Editor in 0.00 ms.
Mono: successfully reloaded assembly
- Completed reload, in  1.346 seconds
Platform modules already initialized, skipping
========================================================================
Worker process is ready to serve import requests
Shader 'Universal Render Pipeline/Particles/Lit': fallback shader 'Universal Render Pipeline/Particles/SimpleLit' not found
Launching external process: /Applications/Unity/Hub/Editor/2021.1.7f1/Unity.app/Contents/Tools/UnityShaderCompiler
Launched and connected shader compiler UnityShaderCompiler after 0.02 seconds
Refreshing native plugins compatible for Editor in 0.65 ms, found 2 plugins.
Preloading 0 native plugins for Editor in 0.00 ms.
Unloading 3190 Unused Serialized files (Serialized files now loaded: 0)
System memory in use before: 245.0 MB.
System memory in use after: 245.3 MB.

Unloading 19 unused Assets to reduce memory usage. Loaded Objects now: 3675.
Total: 3.179211 ms (FindLiveObjects: 0.248642 ms CreateObjectMapping: 0.184079 ms MarkObjects: 2.719235 ms  DeleteObjects: 0.026376 ms)

========================================================================
Received Prepare
Shader 'Universal Render Pipeline/Particles/Lit': fallback shader 'Universal Render Pipeline/Particles/SimpleLit' not found
Refreshing native plugins compatible for Editor in 1.46 ms, found 2 plugins.
Preloading 0 native plugins for Editor in 0.00 ms.
Unloading 6 Unused Serialized files (Serialized files now loaded: 0)
System memory in use before: 175.3 MB.
System memory in use after: 175.6 MB.

Unloading 6 unused Assets to reduce memory usage. Loaded Objects now: 3675.
Total: 2.706687 ms (FindLiveObjects: 0.237744 ms CreateObjectMapping: 0.141189 ms MarkObjects: 2.307910 ms  DeleteObjects: 0.019150 ms)

