Using pre-set license

 COMMAND LINE ARGUMENTS:
/Applications/Unity/Hub/Editor/2021.1.7f1/Unity.app/Contents/MacOS/Unity
-adb2
-batchMode
-noUpm
-name
AssetImportWorker0
-projectPath
/Users/glebsobolevsky/Documents/UnityDev/DreamGame
-logFile
Logs/AssetImportWorker0.log
-srvPort
63474
Successfully changed project path to: /Users/glebsobolevsky/Documents/UnityDev/DreamGame
/Users/glebsobolevsky/Documents/UnityDev/DreamGame
Using Asset Import Pipeline V2.
Refreshing native plugins compatible for Editor in 69.16 ms, found 2 plugins.
Preloading 0 native plugins for Editor in 0.00 ms.
Initialize engine version: 2021.1.7f1 (d91830b65d9b)
[Subsystems] Discovering subsystems at path /Applications/Unity/Hub/Editor/2021.1.7f1/Unity.app/Contents/Resources/UnitySubsystems
[Subsystems] Discovering subsystems at path /Users/glebsobolevsky/Documents/UnityDev/DreamGame/Assets
GfxDevice: creating device client; threaded=0; jobified=0
2021-05-18 18:59:52.108 Unity[81869:5725159] Color LCD preferred device: Intel(R) Iris(TM) Plus Graphics 655 (low power)
2021-05-18 18:59:52.108 Unity[81869:5725159] Metal devices available: 1
2021-05-18 18:59:52.108 Unity[81869:5725159] 0: Intel(R) Iris(TM) Plus Graphics 655 (low power)
2021-05-18 18:59:52.109 Unity[81869:5725159] Using device Intel(R) Iris(TM) Plus Graphics 655 (low power)
Initializing Metal device caps: Intel(R) Iris(TM) Plus Graphics 655
Shader 'Universal Render Pipeline/Particles/Lit': fallback shader 'Universal Render Pipeline/Particles/SimpleLit' not found
Initialize mono
Mono path[0] = '/Applications/Unity/Hub/Editor/2021.1.7f1/Unity.app/Contents/Managed'
Mono path[1] = '/Applications/Unity/Hub/Editor/2021.1.7f1/Unity.app/Contents/MonoBleedingEdge/lib/mono/unityjit'
Mono config path = '/Applications/Unity/Hub/Editor/2021.1.7f1/Unity.app/Contents/MonoBleedingEdge/etc'
Using monoOptions --debugger-agent=transport=dt_socket,embedding=1,server=y,suspend=n,address=127.0.0.1:56869
Begin MonoManager ReloadAssembly
Registering precompiled unity dll's ...
Register platform support module: /Applications/Unity/Hub/Editor/2021.1.7f1/Unity.app/Contents/PlaybackEngines/MacStandaloneSupport/UnityEditor.OSXStandalone.Extensions.dll
Register platform support module: /Applications/Unity/Hub/Editor/2021.1.7f1/PlaybackEngines/WindowsStandaloneSupport/UnityEditor.WindowsStandalone.Extensions.dll
Registered in 0.009635 seconds.
Native extension for WindowsStandalone target not found
Native extension for OSXStandalone target not found
Refreshing native plugins compatible for Editor in 67.66 ms, found 2 plugins.
Preloading 0 native plugins for Editor in 0.00 ms.
Mono: successfully reloaded assembly
- Completed reload, in  3.442 seconds
Platform modules already initialized, skipping
Registering precompiled user dll's ...
Registered in 0.003411 seconds.
Begin MonoManager ReloadAssembly
Native extension for WindowsStandalone target not found
Native extension for OSXStandalone target not found
Refreshing native plugins compatible for Editor in 62.89 ms, found 2 plugins.
Preloading 0 native plugins for Editor in 0.00 ms.
Mono: successfully reloaded assembly
- Completed reload, in  1.555 seconds
Platform modules already initialized, skipping
========================================================================
Worker process is ready to serve import requests
Shader 'Universal Render Pipeline/Particles/Lit': fallback shader 'Universal Render Pipeline/Particles/SimpleLit' not found
Launching external process: /Applications/Unity/Hub/Editor/2021.1.7f1/Unity.app/Contents/Tools/UnityShaderCompiler
Launched and connected shader compiler UnityShaderCompiler after 0.02 seconds
Refreshing native plugins compatible for Editor in 0.65 ms, found 2 plugins.
Preloading 0 native plugins for Editor in 0.00 ms.
Unloading 3188 Unused Serialized files (Serialized files now loaded: 0)
System memory in use before: 244.8 MB.
System memory in use after: 245.0 MB.

Unloading 19 unused Assets to reduce memory usage. Loaded Objects now: 3673.
Total: 4.415589 ms (FindLiveObjects: 0.458362 ms CreateObjectMapping: 0.276233 ms MarkObjects: 3.602414 ms  DeleteObjects: 0.077073 ms)

========================================================================
Received Import Request.
  path: Assets/Sprite/Pumpking/PumplingSeedCapusle.png
  artifactKey: Guid(e49d4deb3b60548c6b12af8444f6d705) Importer(815301076,1909f56bfc062723c751e8b465ee728b)
Start importing Assets/Sprite/Pumpking/PumplingSeedCapusle.png using Guid(e49d4deb3b60548c6b12af8444f6d705) Importer(815301076,1909f56bfc062723c751e8b465ee728b)  -> (artifact id: '2645bf9dcc70b4209bda4ecf7dd63d43') in 1.420499 seconds 
========================================================================
Received Import Request.
  Time since last request: 54.064723 seconds.
  path: Assets/Sprite/Pumpking/Materials
  artifactKey: Guid(8ad2965baefff4e259b421c7670f11bd) Importer(815301076,1909f56bfc062723c751e8b465ee728b)
Start importing Assets/Sprite/Pumpking/Materials using Guid(8ad2965baefff4e259b421c7670f11bd) Importer(815301076,1909f56bfc062723c751e8b465ee728b)  -> (artifact id: 'ea93d466b0b4858a6accee32d4f06341') in 0.002956 seconds 
========================================================================
Received Prepare
Registering precompiled user dll's ...
Registered in 0.001832 seconds.
Begin MonoManager ReloadAssembly
Native extension for WindowsStandalone target not found
Native extension for OSXStandalone target not found
Refreshing native plugins compatible for Editor in 0.63 ms, found 2 plugins.
Preloading 0 native plugins for Editor in 0.00 ms.
Mono: successfully reloaded assembly
- Completed reload, in  1.270 seconds
Platform modules already initialized, skipping
Shader 'Universal Render Pipeline/Particles/Lit': fallback shader 'Universal Render Pipeline/Particles/SimpleLit' not found
Refreshing native plugins compatible for Editor in 0.75 ms, found 2 plugins.
Preloading 0 native plugins for Editor in 0.00 ms.
Unloading 3059 Unused Serialized files (Serialized files now loaded: 0)
System memory in use before: 244.8 MB.
System memory in use after: 245.0 MB.

Unloading 8 unused Assets to reduce memory usage. Loaded Objects now: 3698.
Total: 3.883092 ms (FindLiveObjects: 0.378604 ms CreateObjectMapping: 0.266103 ms MarkObjects: 3.203869 ms  DeleteObjects: 0.033295 ms)

========================================================================
Received Prepare
Registering precompiled user dll's ...
Registered in 0.001479 seconds.
Begin MonoManager ReloadAssembly
Native extension for WindowsStandalone target not found
Native extension for OSXStandalone target not found
Refreshing native plugins compatible for Editor in 0.63 ms, found 2 plugins.
Preloading 0 native plugins for Editor in 0.00 ms.
Mono: successfully reloaded assembly
- Completed reload, in  1.217 seconds
Platform modules already initialized, skipping
Shader 'Universal Render Pipeline/Particles/Lit': fallback shader 'Universal Render Pipeline/Particles/SimpleLit' not found
Refreshing native plugins compatible for Editor in 0.62 ms, found 2 plugins.
Preloading 0 native plugins for Editor in 0.00 ms.
Unloading 3058 Unused Serialized files (Serialized files now loaded: 0)
System memory in use before: 245.1 MB.
System memory in use after: 245.4 MB.

Unloading 8 unused Assets to reduce memory usage. Loaded Objects now: 3702.
Total: 2.715859 ms (FindLiveObjects: 0.244649 ms CreateObjectMapping: 0.139251 ms MarkObjects: 2.316671 ms  DeleteObjects: 0.014518 ms)

========================================================================
Received Import Request.
  Time since last request: 1081.359256 seconds.
  path: Assets/Items/PumpkinCropSeed.asset
  artifactKey: Guid(eac019440acdf49519cc6e15690d1a0c) Importer(815301076,1909f56bfc062723c751e8b465ee728b)
Start importing Assets/Items/PumpkinCropSeed.asset using Guid(eac019440acdf49519cc6e15690d1a0c) Importer(815301076,1909f56bfc062723c751e8b465ee728b)  -> (artifact id: '7213704b825955ffd952f6cb97109e8d') in 1.240559 seconds 
========================================================================
Received Prepare
Registering precompiled user dll's ...
Registered in 0.001008 seconds.
Begin MonoManager ReloadAssembly
Native extension for WindowsStandalone target not found
Native extension for OSXStandalone target not found
Refreshing native plugins compatible for Editor in 0.55 ms, found 2 plugins.
Preloading 0 native plugins for Editor in 0.00 ms.
Mono: successfully reloaded assembly
- Completed reload, in  1.104 seconds
Platform modules already initialized, skipping
Shader 'Universal Render Pipeline/Particles/Lit': fallback shader 'Universal Render Pipeline/Particles/SimpleLit' not found
Refreshing native plugins compatible for Editor in 0.54 ms, found 2 plugins.
Preloading 0 native plugins for Editor in 0.00 ms.
Unloading 3058 Unused Serialized files (Serialized files now loaded: 0)
System memory in use before: 249.8 MB.
System memory in use after: 250.0 MB.

Unloading 8 unused Assets to reduce memory usage. Loaded Objects now: 3706.
Total: 2.604169 ms (FindLiveObjects: 0.238670 ms CreateObjectMapping: 0.114650 ms MarkObjects: 2.235806 ms  DeleteObjects: 0.014340 ms)

========================================================================
Received Prepare
Registering precompiled user dll's ...
Registered in 0.001361 seconds.
Begin MonoManager ReloadAssembly
Native extension for WindowsStandalone target not found
Native extension for OSXStandalone target not found
Refreshing native plugins compatible for Editor in 0.54 ms, found 2 plugins.
Preloading 0 native plugins for Editor in 0.00 ms.
Mono: successfully reloaded assembly
- Completed reload, in  1.112 seconds
Platform modules already initialized, skipping
Shader 'Universal Render Pipeline/Particles/Lit': fallback shader 'Universal Render Pipeline/Particles/SimpleLit' not found
Refreshing native plugins compatible for Editor in 0.84 ms, found 2 plugins.
Preloading 0 native plugins for Editor in 0.00 ms.
Unloading 3058 Unused Serialized files (Serialized files now loaded: 0)
System memory in use before: 250.2 MB.
System memory in use after: 250.4 MB.

Unloading 8 unused Assets to reduce memory usage. Loaded Objects now: 3710.
Total: 3.389656 ms (FindLiveObjects: 0.271295 ms CreateObjectMapping: 0.158677 ms MarkObjects: 2.940178 ms  DeleteObjects: 0.018206 ms)

========================================================================
Received Prepare
Registering precompiled user dll's ...
Registered in 0.006520 seconds.
Begin MonoManager ReloadAssembly
Native extension for WindowsStandalone target not found
Native extension for OSXStandalone target not found
Refreshing native plugins compatible for Editor in 0.70 ms, found 2 plugins.
Preloading 0 native plugins for Editor in 0.00 ms.
Mono: successfully reloaded assembly
- Completed reload, in  1.269 seconds
Platform modules already initialized, skipping
Shader 'Universal Render Pipeline/Particles/Lit': fallback shader 'Universal Render Pipeline/Particles/SimpleLit' not found
Refreshing native plugins compatible for Editor in 0.64 ms, found 2 plugins.
Preloading 0 native plugins for Editor in 0.00 ms.
Unloading 3058 Unused Serialized files (Serialized files now loaded: 0)
System memory in use before: 250.6 MB.
System memory in use after: 250.8 MB.

Unloading 8 unused Assets to reduce memory usage. Loaded Objects now: 3714.
Total: 2.886359 ms (FindLiveObjects: 0.301275 ms CreateObjectMapping: 0.135983 ms MarkObjects: 2.431688 ms  DeleteObjects: 0.016595 ms)

========================================================================
Received Prepare
Registering precompiled user dll's ...
Registered in 0.002079 seconds.
Begin MonoManager ReloadAssembly
Native extension for WindowsStandalone target not found
Native extension for OSXStandalone target not found
Refreshing native plugins compatible for Editor in 0.62 ms, found 2 plugins.
Preloading 0 native plugins for Editor in 0.00 ms.
Mono: successfully reloaded assembly
- Completed reload, in  1.154 seconds
Platform modules already initialized, skipping
Shader 'Universal Render Pipeline/Particles/Lit': fallback shader 'Universal Render Pipeline/Particles/SimpleLit' not found
Refreshing native plugins compatible for Editor in 0.62 ms, found 2 plugins.
Preloading 0 native plugins for Editor in 0.00 ms.
Unloading 3058 Unused Serialized files (Serialized files now loaded: 0)
System memory in use before: 251.0 MB.
System memory in use after: 251.2 MB.

Unloading 8 unused Assets to reduce memory usage. Loaded Objects now: 3718.
Total: 2.820878 ms (FindLiveObjects: 0.261895 ms CreateObjectMapping: 0.133300 ms MarkObjects: 2.410231 ms  DeleteObjects: 0.014472 ms)

========================================================================
Received Prepare
Registering precompiled user dll's ...
Registered in 0.001749 seconds.
Begin MonoManager ReloadAssembly
Native extension for WindowsStandalone target not found
Native extension for OSXStandalone target not found
Refreshing native plugins compatible for Editor in 0.59 ms, found 2 plugins.
Preloading 0 native plugins for Editor in 0.00 ms.
Mono: successfully reloaded assembly
- Completed reload, in  1.136 seconds
Platform modules already initialized, skipping
Shader 'Universal Render Pipeline/Particles/Lit': fallback shader 'Universal Render Pipeline/Particles/SimpleLit' not found
Refreshing native plugins compatible for Editor in 0.65 ms, found 2 plugins.
Preloading 0 native plugins for Editor in 0.00 ms.
Unloading 3058 Unused Serialized files (Serialized files now loaded: 0)
System memory in use before: 251.3 MB.
System memory in use after: 251.6 MB.

Unloading 8 unused Assets to reduce memory usage. Loaded Objects now: 3722.
Total: 2.795615 ms (FindLiveObjects: 0.250597 ms CreateObjectMapping: 0.123182 ms MarkObjects: 2.405998 ms  DeleteObjects: 0.014780 ms)

========================================================================
Received Prepare
Registering precompiled user dll's ...
Registered in 0.001025 seconds.
Begin MonoManager ReloadAssembly
Native extension for WindowsStandalone target not found
Native extension for OSXStandalone target not found
Refreshing native plugins compatible for Editor in 0.73 ms, found 2 plugins.
Preloading 0 native plugins for Editor in 0.00 ms.
Mono: successfully reloaded assembly
- Completed reload, in  1.213 seconds
Platform modules already initialized, skipping
Shader 'Universal Render Pipeline/Particles/Lit': fallback shader 'Universal Render Pipeline/Particles/SimpleLit' not found
Refreshing native plugins compatible for Editor in 0.57 ms, found 2 plugins.
Preloading 0 native plugins for Editor in 0.00 ms.
Unloading 3058 Unused Serialized files (Serialized files now loaded: 0)
System memory in use before: 251.7 MB.
System memory in use after: 252.0 MB.

Unloading 8 unused Assets to reduce memory usage. Loaded Objects now: 3726.
Total: 2.766641 ms (FindLiveObjects: 0.266653 ms CreateObjectMapping: 0.149487 ms MarkObjects: 2.335935 ms  DeleteObjects: 0.013782 ms)

========================================================================
Received Import Request.
  Time since last request: 166.189966 seconds.
  path: Assets/Resources/CropDataB.asset
  artifactKey: Guid(5fe2566c03c7f4df7b4260d05cd6559e) Importer(815301076,1909f56bfc062723c751e8b465ee728b)
Start importing Assets/Resources/CropDataB.asset using Guid(5fe2566c03c7f4df7b4260d05cd6559e) Importer(815301076,1909f56bfc062723c751e8b465ee728b)  -> (artifact id: '5ce58b2b65371f834f6ebc7d719e1da1') in 0.052858 seconds 
========================================================================
Received Import Request.
  Time since last request: 19.513829 seconds.
  path: Assets/Resources/ItemDatabase.asset
  artifactKey: Guid(f3f5d03f247d34baeba0bf59edb637d5) Importer(815301076,1909f56bfc062723c751e8b465ee728b)
Start importing Assets/Resources/ItemDatabase.asset using Guid(f3f5d03f247d34baeba0bf59edb637d5) Importer(815301076,1909f56bfc062723c751e8b465ee728b)  -> (artifact id: '19af30887b51c5e6d0c29551e062d5c2') in 0.024895 seconds 
========================================================================
Received Import Request.
  Time since last request: 4.210835 seconds.
  path: Assets/Items/PumpkinCropSeed.asset
  artifactKey: Guid(eac019440acdf49519cc6e15690d1a0c) Importer(815301076,1909f56bfc062723c751e8b465ee728b)
Start importing Assets/Items/PumpkinCropSeed.asset using Guid(eac019440acdf49519cc6e15690d1a0c) Importer(815301076,1909f56bfc062723c751e8b465ee728b)  -> (artifact id: '241ce7500425a697b039182efd56b0e7') in 0.004419 seconds 
========================================================================
Received Prepare
Registering precompiled user dll's ...
Registered in 0.005196 seconds.
Begin MonoManager ReloadAssembly
Native extension for WindowsStandalone target not found
Native extension for OSXStandalone target not found
Refreshing native plugins compatible for Editor in 0.65 ms, found 2 plugins.
Preloading 0 native plugins for Editor in 0.00 ms.
Mono: successfully reloaded assembly
- Completed reload, in  1.285 seconds
Platform modules already initialized, skipping
Shader 'Universal Render Pipeline/Particles/Lit': fallback shader 'Universal Render Pipeline/Particles/SimpleLit' not found
Refreshing native plugins compatible for Editor in 0.58 ms, found 2 plugins.
Preloading 0 native plugins for Editor in 0.00 ms.
Unloading 3058 Unused Serialized files (Serialized files now loaded: 0)
System memory in use before: 252.1 MB.
System memory in use after: 252.4 MB.

Unloading 9 unused Assets to reduce memory usage. Loaded Objects now: 3730.
Total: 3.628911 ms (FindLiveObjects: 0.295021 ms CreateObjectMapping: 0.162070 ms MarkObjects: 3.105450 ms  DeleteObjects: 0.064977 ms)

========================================================================
Received Prepare
Registering precompiled user dll's ...
Registered in 0.000973 seconds.
Begin MonoManager ReloadAssembly
Native extension for WindowsStandalone target not found
Native extension for OSXStandalone target not found
Refreshing native plugins compatible for Editor in 0.88 ms, found 2 plugins.
Preloading 0 native plugins for Editor in 0.00 ms.
Mono: successfully reloaded assembly
- Completed reload, in  1.264 seconds
Platform modules already initialized, skipping
Shader 'Universal Render Pipeline/Particles/Lit': fallback shader 'Universal Render Pipeline/Particles/SimpleLit' not found
Refreshing native plugins compatible for Editor in 0.65 ms, found 2 plugins.
Preloading 0 native plugins for Editor in 0.00 ms.
Unloading 3058 Unused Serialized files (Serialized files now loaded: 0)
System memory in use before: 252.5 MB.
System memory in use after: 252.7 MB.

Unloading 8 unused Assets to reduce memory usage. Loaded Objects now: 3734.
Total: 3.280059 ms (FindLiveObjects: 0.269003 ms CreateObjectMapping: 0.144947 ms MarkObjects: 2.845505 ms  DeleteObjects: 0.019515 ms)

========================================================================
Received Prepare
Registering precompiled user dll's ...
Registered in 0.001372 seconds.
Begin MonoManager ReloadAssembly
Native extension for WindowsStandalone target not found
Native extension for OSXStandalone target not found
Refreshing native plugins compatible for Editor in 1.05 ms, found 2 plugins.
Preloading 0 native plugins for Editor in 0.00 ms.
Mono: successfully reloaded assembly
- Completed reload, in  1.229 seconds
Platform modules already initialized, skipping
Shader 'Universal Render Pipeline/Particles/Lit': fallback shader 'Universal Render Pipeline/Particles/SimpleLit' not found
Refreshing native plugins compatible for Editor in 0.71 ms, found 2 plugins.
Preloading 0 native plugins for Editor in 0.00 ms.
Unloading 3058 Unused Serialized files (Serialized files now loaded: 0)
System memory in use before: 252.9 MB.
System memory in use after: 253.1 MB.

Unloading 8 unused Assets to reduce memory usage. Loaded Objects now: 3738.
Total: 2.947550 ms (FindLiveObjects: 0.318831 ms CreateObjectMapping: 0.143050 ms MarkObjects: 2.452325 ms  DeleteObjects: 0.032404 ms)

========================================================================
Received Prepare
Registering precompiled user dll's ...
Registered in 0.002538 seconds.
Begin MonoManager ReloadAssembly
Native extension for WindowsStandalone target not found
Native extension for OSXStandalone target not found
Refreshing native plugins compatible for Editor in 0.68 ms, found 2 plugins.
Preloading 0 native plugins for Editor in 0.00 ms.
Mono: successfully reloaded assembly
- Completed reload, in  1.331 seconds
Platform modules already initialized, skipping
Shader 'Universal Render Pipeline/Particles/Lit': fallback shader 'Universal Render Pipeline/Particles/SimpleLit' not found
Refreshing native plugins compatible for Editor in 0.69 ms, found 2 plugins.
Preloading 0 native plugins for Editor in 0.00 ms.
Unloading 3058 Unused Serialized files (Serialized files now loaded: 0)
System memory in use before: 253.3 MB.
System memory in use after: 253.5 MB.

Unloading 8 unused Assets to reduce memory usage. Loaded Objects now: 3742.
Total: 3.349170 ms (FindLiveObjects: 0.385750 ms CreateObjectMapping: 0.143589 ms MarkObjects: 2.784959 ms  DeleteObjects: 0.019852 ms)

========================================================================
Received Prepare
Registering precompiled user dll's ...
Registered in 0.005569 seconds.
Begin MonoManager ReloadAssembly
Native extension for WindowsStandalone target not found
Native extension for OSXStandalone target not found
Refreshing native plugins compatible for Editor in 0.64 ms, found 2 plugins.
Preloading 0 native plugins for Editor in 0.00 ms.
Mono: successfully reloaded assembly
- Completed reload, in  1.274 seconds
Platform modules already initialized, skipping
Shader 'Universal Render Pipeline/Particles/Lit': fallback shader 'Universal Render Pipeline/Particles/SimpleLit' not found
Refreshing native plugins compatible for Editor in 0.57 ms, found 2 plugins.
Preloading 0 native plugins for Editor in 0.00 ms.
Unloading 3058 Unused Serialized files (Serialized files now loaded: 0)
System memory in use before: 253.7 MB.
System memory in use after: 253.9 MB.

Unloading 8 unused Assets to reduce memory usage. Loaded Objects now: 3746.
Total: 2.933202 ms (FindLiveObjects: 0.282666 ms CreateObjectMapping: 0.155357 ms MarkObjects: 2.479342 ms  DeleteObjects: 0.014917 ms)

========================================================================
Received Prepare
Registering precompiled user dll's ...
Registered in 0.002571 seconds.
Begin MonoManager ReloadAssembly
Native extension for WindowsStandalone target not found
Native extension for OSXStandalone target not found
Refreshing native plugins compatible for Editor in 0.58 ms, found 2 plugins.
Preloading 0 native plugins for Editor in 0.00 ms.
Mono: successfully reloaded assembly
- Completed reload, in  1.244 seconds
Platform modules already initialized, skipping
Shader 'Universal Render Pipeline/Particles/Lit': fallback shader 'Universal Render Pipeline/Particles/SimpleLit' not found
Refreshing native plugins compatible for Editor in 0.65 ms, found 2 plugins.
Preloading 0 native plugins for Editor in 0.00 ms.
Unloading 3058 Unused Serialized files (Serialized files now loaded: 0)
System memory in use before: 254.0 MB.
System memory in use after: 254.3 MB.

Unloading 8 unused Assets to reduce memory usage. Loaded Objects now: 3750.
Total: 3.425153 ms (FindLiveObjects: 0.244631 ms CreateObjectMapping: 0.132884 ms MarkObjects: 3.029508 ms  DeleteObjects: 0.017241 ms)

========================================================================
Received Prepare
Registering precompiled user dll's ...
Registered in 0.001809 seconds.
Begin MonoManager ReloadAssembly
Native extension for WindowsStandalone target not found
Native extension for OSXStandalone target not found
Refreshing native plugins compatible for Editor in 0.65 ms, found 2 plugins.
Preloading 0 native plugins for Editor in 0.00 ms.
Mono: successfully reloaded assembly
- Completed reload, in  1.420 seconds
Platform modules already initialized, skipping
Shader 'Universal Render Pipeline/Particles/Lit': fallback shader 'Universal Render Pipeline/Particles/SimpleLit' not found
Refreshing native plugins compatible for Editor in 0.58 ms, found 2 plugins.
Preloading 0 native plugins for Editor in 0.00 ms.
Unloading 3058 Unused Serialized files (Serialized files now loaded: 0)
System memory in use before: 254.4 MB.
System memory in use after: 254.6 MB.

Unloading 8 unused Assets to reduce memory usage. Loaded Objects now: 3754.
Total: 2.624358 ms (FindLiveObjects: 0.270727 ms CreateObjectMapping: 0.140457 ms MarkObjects: 2.196784 ms  DeleteObjects: 0.015646 ms)

========================================================================
Received Prepare
Registering precompiled user dll's ...
Registered in 0.001773 seconds.
Begin MonoManager ReloadAssembly
Native extension for WindowsStandalone target not found
Native extension for OSXStandalone target not found
Refreshing native plugins compatible for Editor in 0.98 ms, found 2 plugins.
Preloading 0 native plugins for Editor in 0.00 ms.
Mono: successfully reloaded assembly
- Completed reload, in  1.323 seconds
Platform modules already initialized, skipping
Shader 'Universal Render Pipeline/Particles/Lit': fallback shader 'Universal Render Pipeline/Particles/SimpleLit' not found
Refreshing native plugins compatible for Editor in 0.58 ms, found 2 plugins.
Preloading 0 native plugins for Editor in 0.00 ms.
Unloading 3059 Unused Serialized files (Serialized files now loaded: 0)
System memory in use before: 254.9 MB.
System memory in use after: 255.1 MB.

Unloading 8 unused Assets to reduce memory usage. Loaded Objects now: 3759.
Total: 4.965029 ms (FindLiveObjects: 0.275585 ms CreateObjectMapping: 0.138390 ms MarkObjects: 4.502730 ms  DeleteObjects: 0.045526 ms)

========================================================================
Received Prepare
Registering precompiled user dll's ...
Registered in 0.004068 seconds.
Begin MonoManager ReloadAssembly
Native extension for WindowsStandalone target not found
Native extension for OSXStandalone target not found
Refreshing native plugins compatible for Editor in 0.56 ms, found 2 plugins.
Preloading 0 native plugins for Editor in 0.00 ms.
Mono: successfully reloaded assembly
- Completed reload, in  1.293 seconds
Platform modules already initialized, skipping
Shader 'Universal Render Pipeline/Particles/Lit': fallback shader 'Universal Render Pipeline/Particles/SimpleLit' not found
Refreshing native plugins compatible for Editor in 0.58 ms, found 2 plugins.
Preloading 0 native plugins for Editor in 0.00 ms.
Unloading 3059 Unused Serialized files (Serialized files now loaded: 0)
System memory in use before: 255.2 MB.
System memory in use after: 255.5 MB.

Unloading 8 unused Assets to reduce memory usage. Loaded Objects now: 3763.
Total: 2.703370 ms (FindLiveObjects: 0.309024 ms CreateObjectMapping: 0.143415 ms MarkObjects: 2.235315 ms  DeleteObjects: 0.014544 ms)

========================================================================
Received Prepare
Registering precompiled user dll's ...
Registered in 0.001771 seconds.
Begin MonoManager ReloadAssembly
Native extension for WindowsStandalone target not found
Native extension for OSXStandalone target not found
Refreshing native plugins compatible for Editor in 0.58 ms, found 2 plugins.
Preloading 0 native plugins for Editor in 0.00 ms.
Mono: successfully reloaded assembly
- Completed reload, in  1.140 seconds
Platform modules already initialized, skipping
Shader 'Universal Render Pipeline/Particles/Lit': fallback shader 'Universal Render Pipeline/Particles/SimpleLit' not found
Refreshing native plugins compatible for Editor in 0.64 ms, found 2 plugins.
Preloading 0 native plugins for Editor in 0.00 ms.
Unloading 3059 Unused Serialized files (Serialized files now loaded: 0)
System memory in use before: 255.6 MB.
System memory in use after: 255.9 MB.

Unloading 8 unused Assets to reduce memory usage. Loaded Objects now: 3767.
Total: 2.766780 ms (FindLiveObjects: 0.247730 ms CreateObjectMapping: 0.131744 ms MarkObjects: 2.372259 ms  DeleteObjects: 0.014217 ms)

========================================================================
Received Prepare
Registering precompiled user dll's ...
Registered in 0.002134 seconds.
Begin MonoManager ReloadAssembly
Native extension for WindowsStandalone target not found
Native extension for OSXStandalone target not found
Refreshing native plugins compatible for Editor in 0.56 ms, found 2 plugins.
Preloading 0 native plugins for Editor in 0.00 ms.
Mono: successfully reloaded assembly
- Completed reload, in  1.180 seconds
Platform modules already initialized, skipping
Shader 'Universal Render Pipeline/Particles/Lit': fallback shader 'Universal Render Pipeline/Particles/SimpleLit' not found
Refreshing native plugins compatible for Editor in 0.63 ms, found 2 plugins.
Preloading 0 native plugins for Editor in 0.00 ms.
Unloading 3059 Unused Serialized files (Serialized files now loaded: 0)
System memory in use before: 256.0 MB.
System memory in use after: 256.2 MB.

Unloading 8 unused Assets to reduce memory usage. Loaded Objects now: 3771.
Total: 3.299396 ms (FindLiveObjects: 0.311212 ms CreateObjectMapping: 0.249515 ms MarkObjects: 2.719570 ms  DeleteObjects: 0.017857 ms)

========================================================================
Received Prepare
Registering precompiled user dll's ...
Registered in 0.004285 seconds.
Begin MonoManager ReloadAssembly
Native extension for WindowsStandalone target not found
Native extension for OSXStandalone target not found
Refreshing native plugins compatible for Editor in 0.65 ms, found 2 plugins.
Preloading 0 native plugins for Editor in 0.00 ms.
Mono: successfully reloaded assembly
- Completed reload, in  1.192 seconds
Platform modules already initialized, skipping
Shader 'Universal Render Pipeline/Particles/Lit': fallback shader 'Universal Render Pipeline/Particles/SimpleLit' not found
Refreshing native plugins compatible for Editor in 0.58 ms, found 2 plugins.
Preloading 0 native plugins for Editor in 0.00 ms.
Unloading 3059 Unused Serialized files (Serialized files now loaded: 0)
System memory in use before: 256.4 MB.
System memory in use after: 256.6 MB.

Unloading 8 unused Assets to reduce memory usage. Loaded Objects now: 3775.
Total: 3.391755 ms (FindLiveObjects: 0.506507 ms CreateObjectMapping: 0.288192 ms MarkObjects: 2.578631 ms  DeleteObjects: 0.017554 ms)

========================================================================
Received Prepare
Registering precompiled user dll's ...
Registered in 0.000851 seconds.
Begin MonoManager ReloadAssembly
Native extension for WindowsStandalone target not found
Native extension for OSXStandalone target not found
Refreshing native plugins compatible for Editor in 2.27 ms, found 2 plugins.
Preloading 0 native plugins for Editor in 0.00 ms.
Mono: successfully reloaded assembly
- Completed reload, in  1.269 seconds
Platform modules already initialized, skipping
Shader 'Universal Render Pipeline/Particles/Lit': fallback shader 'Universal Render Pipeline/Particles/SimpleLit' not found
Refreshing native plugins compatible for Editor in 0.60 ms, found 2 plugins.
Preloading 0 native plugins for Editor in 0.00 ms.
Unloading 3059 Unused Serialized files (Serialized files now loaded: 0)
System memory in use before: 256.8 MB.
System memory in use after: 257.0 MB.

Unloading 8 unused Assets to reduce memory usage. Loaded Objects now: 3779.
Total: 2.917123 ms (FindLiveObjects: 0.301825 ms CreateObjectMapping: 0.310151 ms MarkObjects: 2.289526 ms  DeleteObjects: 0.014513 ms)

========================================================================
Received Import Request.
  Time since last request: 2493.341714 seconds.
  path: Assets/Resources/WheatCrop.prefab
  artifactKey: Guid(e1cdcac2375fb43d48f2590b9a84502e) Importer(815301076,1909f56bfc062723c751e8b465ee728b)
Start importing Assets/Resources/WheatCrop.prefab using Guid(e1cdcac2375fb43d48f2590b9a84502e) Importer(815301076,1909f56bfc062723c751e8b465ee728b)  -> (artifact id: 'c8be85038750d97b5595d6b853900ede') in 0.758577 seconds 
========================================================================
Received Prepare
Registering precompiled user dll's ...
Registered in 0.002153 seconds.
Begin MonoManager ReloadAssembly
Native extension for WindowsStandalone target not found
Native extension for OSXStandalone target not found
Refreshing native plugins compatible for Editor in 0.66 ms, found 2 plugins.
Preloading 0 native plugins for Editor in 0.00 ms.
Mono: successfully reloaded assembly
- Completed reload, in  1.370 seconds
Platform modules already initialized, skipping
Shader 'Universal Render Pipeline/Particles/Lit': fallback shader 'Universal Render Pipeline/Particles/SimpleLit' not found
Refreshing native plugins compatible for Editor in 0.59 ms, found 2 plugins.
Preloading 0 native plugins for Editor in 0.00 ms.
Unloading 3059 Unused Serialized files (Serialized files now loaded: 0)
System memory in use before: 263.9 MB.
System memory in use after: 264.1 MB.

Unloading 9 unused Assets to reduce memory usage. Loaded Objects now: 3828.
Total: 3.738178 ms (FindLiveObjects: 0.385122 ms CreateObjectMapping: 0.159908 ms MarkObjects: 3.166438 ms  DeleteObjects: 0.025744 ms)

========================================================================
Received Prepare
Registering precompiled user dll's ...
Registered in 0.002390 seconds.
Begin MonoManager ReloadAssembly
Native extension for WindowsStandalone target not found
Native extension for OSXStandalone target not found
Refreshing native plugins compatible for Editor in 0.65 ms, found 2 plugins.
Preloading 0 native plugins for Editor in 0.00 ms.
Mono: successfully reloaded assembly
- Completed reload, in  1.351 seconds
Platform modules already initialized, skipping
Shader 'Universal Render Pipeline/Particles/Lit': fallback shader 'Universal Render Pipeline/Particles/SimpleLit' not found
Refreshing native plugins compatible for Editor in 0.57 ms, found 2 plugins.
Preloading 0 native plugins for Editor in 0.00 ms.
Unloading 3059 Unused Serialized files (Serialized files now loaded: 0)
System memory in use before: 264.5 MB.
System memory in use after: 264.7 MB.

Unloading 8 unused Assets to reduce memory usage. Loaded Objects now: 3832.
Total: 2.909195 ms (FindLiveObjects: 0.289411 ms CreateObjectMapping: 0.149872 ms MarkObjects: 2.454380 ms  DeleteObjects: 0.014773 ms)

========================================================================
Received Prepare
Registering precompiled user dll's ...
Registered in 0.001418 seconds.
Begin MonoManager ReloadAssembly
Native extension for WindowsStandalone target not found
Native extension for OSXStandalone target not found
Refreshing native plugins compatible for Editor in 0.58 ms, found 2 plugins.
Preloading 0 native plugins for Editor in 0.00 ms.
Mono: successfully reloaded assembly
- Completed reload, in  1.211 seconds
Platform modules already initialized, skipping
Shader 'Universal Render Pipeline/Particles/Lit': fallback shader 'Universal Render Pipeline/Particles/SimpleLit' not found
Refreshing native plugins compatible for Editor in 0.62 ms, found 2 plugins.
Preloading 0 native plugins for Editor in 0.00 ms.
Unloading 3059 Unused Serialized files (Serialized files now loaded: 0)
System memory in use before: 264.9 MB.
System memory in use after: 265.1 MB.

Unloading 8 unused Assets to reduce memory usage. Loaded Objects now: 3836.
Total: 3.256724 ms (FindLiveObjects: 0.257164 ms CreateObjectMapping: 0.142276 ms MarkObjects: 2.837461 ms  DeleteObjects: 0.018889 ms)

========================================================================
Received Prepare
Registering precompiled user dll's ...
Registered in 0.001139 seconds.
Begin MonoManager ReloadAssembly
Native extension for WindowsStandalone target not found
Native extension for OSXStandalone target not found
Refreshing native plugins compatible for Editor in 0.68 ms, found 2 plugins.
Preloading 0 native plugins for Editor in 0.00 ms.
Mono: successfully reloaded assembly
- Completed reload, in  1.241 seconds
Platform modules already initialized, skipping
Shader 'Universal Render Pipeline/Particles/Lit': fallback shader 'Universal Render Pipeline/Particles/SimpleLit' not found
Refreshing native plugins compatible for Editor in 0.72 ms, found 2 plugins.
Preloading 0 native plugins for Editor in 0.00 ms.
Unloading 3059 Unused Serialized files (Serialized files now loaded: 0)
System memory in use before: 265.3 MB.
System memory in use after: 265.5 MB.

Unloading 8 unused Assets to reduce memory usage. Loaded Objects now: 3840.
Total: 3.124393 ms (FindLiveObjects: 0.289179 ms CreateObjectMapping: 0.149121 ms MarkObjects: 2.667696 ms  DeleteObjects: 0.017377 ms)

========================================================================
Received Prepare
Registering precompiled user dll's ...
Registered in 0.001061 seconds.
Begin MonoManager ReloadAssembly
Native extension for WindowsStandalone target not found
Native extension for OSXStandalone target not found
Refreshing native plugins compatible for Editor in 0.60 ms, found 2 plugins.
Preloading 0 native plugins for Editor in 0.00 ms.
Mono: successfully reloaded assembly
- Completed reload, in  1.234 seconds
Platform modules already initialized, skipping
Shader 'Universal Render Pipeline/Particles/Lit': fallback shader 'Universal Render Pipeline/Particles/SimpleLit' not found
Refreshing native plugins compatible for Editor in 0.58 ms, found 2 plugins.
Preloading 0 native plugins for Editor in 0.00 ms.
Unloading 3059 Unused Serialized files (Serialized files now loaded: 0)
System memory in use before: 265.7 MB.
System memory in use after: 265.9 MB.

Unloading 8 unused Assets to reduce memory usage. Loaded Objects now: 3844.
Total: 2.778405 ms (FindLiveObjects: 0.279871 ms CreateObjectMapping: 0.154672 ms MarkObjects: 2.328336 ms  DeleteObjects: 0.014665 ms)

